<?xml version="1.0" encoding="UTF-8"?>
<!-- Generated by org.testng.reporters.JUnitReportReporter -->
<testsuite hostname="DESKTOP-OU8PKGM" failures="0" tests="6" name="sleniumframework.tests.EndToEndTest" time="11.795" errors="0" timestamp="2024-07-20T09:23:30 CEST" skipped="0">
  <testcase classname="sleniumframework.tests.EndToEndTest" name="registerPage" time="4.231"/>
  <testcase classname="sleniumframework.tests.EndToEndTest" name="validLogin" time="2.471"/>
  <testcase classname="sleniumframework.tests.EndToEndTest" name="invalidLogin" time="0.678"/>
  <testcase classname="sleniumframework.tests.EndToEndTest" name="logoutUser" time="1.669"/>
  <testcase classname="sleniumframework.tests.EndToEndTest" name="registerWithExistingEmail" time="0.690"/>
  <testcase classname="sleniumframework.tests.EndToEndTest" name="contactUsForm" time="2.056"/>
</testsuite> <!-- sleniumframework.tests.EndToEndTest -->
