<?xml version="1.0" encoding="UTF-8"?>
<!-- Generated by org.testng.reporters.JUnitReportReporter -->
<testsuite hostname="DESKTOP-OU8PKGM" failures="0" tests="5" name="sleniumframework.tests.EndToEndLoginSignup" time="8.716" errors="0" timestamp="2024-07-20T09:23:30 CEST" skipped="0">
  <testcase classname="sleniumframework.tests.EndToEndLoginSignup" name="signupFlow" time="3.405"/>
  <testcase classname="sleniumframework.tests.EndToEndLoginSignup" name="validLogin" time="2.291"/>
  <testcase classname="sleniumframework.tests.EndToEndLoginSignup" name="invalidLogin" time="0.764"/>
  <testcase classname="sleniumframework.tests.EndToEndLoginSignup" name="registerWithExistingEmail" time="0.746"/>
  <testcase classname="sleniumframework.tests.EndToEndLoginSignup" name="deleteAccount" time="1.510"/>
</testsuite> <!-- sleniumframework.tests.EndToEndLoginSignup -->
