<?xml version="1.0" encoding="UTF-8"?>
<!-- Generated by org.testng.reporters.JUnitReportReporter -->
<testsuite hostname="DESKTOP-OU8PKGM" failures="0" tests="3" name="sleniumframework.tests.PageTitleValidation" time="15.657" errors="0" timestamp="2024-07-20T09:23:30 CEST" skipped="0">
  <testcase classname="sleniumframework.tests.PageTitleValidation" name="headerMenuValidation" time="5.014"/>
  <testcase classname="sleniumframework.tests.PageTitleValidation" name="addBannerValidation" time="1.328"/>
  <testcase classname="sleniumframework.tests.PageTitleValidation" name="sideMenuValidation" time="9.315"/>
</testsuite> <!-- sleniumframework.tests.PageTitleValidation -->
