<?xml version="1.0" encoding="UTF-8"?>
<!-- Generated by org.testng.reporters.JUnitReportReporter -->
<testsuite hostname="DESKTOP-OU8PKGM" failures="0" tests="1" name="sleniumframework.tests.EndToEndOrderProduct" time="3.068" errors="0" timestamp="2024-07-20T11:35:20 CEST" skipped="0">
  <testcase classname="sleniumframework.tests.EndToEndOrderProduct" name="removeProductFromCart" time="3.068"/>
</testsuite> <!-- sleniumframework.tests.EndToEndOrderProduct -->
