<?xml version="1.0" encoding="UTF-8"?>
<!-- Generated by org.testng.reporters.JUnitReportReporter -->
<testsuite hostname="Sabir" failures="0" tests="6" name="seleniumFramework.tests.EndToEndTest" time="23.825" errors="0" timestamp="2025-08-09T22:25:49 CEST" skipped="0">
  <testcase classname="seleniumFramework.tests.EndToEndTest" name="registerPage" time="8.721"/>
  <testcase classname="seleniumFramework.tests.EndToEndTest" name="validLogin" time="3.992"/>
  <testcase classname="seleniumFramework.tests.EndToEndTest" name="invalidLogin" time="2.384"/>
  <testcase classname="seleniumFramework.tests.EndToEndTest" name="logoutUser" time="3.294"/>
  <testcase classname="seleniumFramework.tests.EndToEndTest" name="registerWithExistingEmail" time="2.355"/>
  <testcase classname="seleniumFramework.tests.EndToEndTest" name="contactUsForm" time="3.079"/>
</testsuite> <!-- seleniumFramework.tests.EndToEndTest -->
