<?xml version="1.0" encoding="UTF-8"?>
<!-- Generated by org.testng.reporters.JUnitReportReporter -->
<testsuite hostname="DESKTOP-OU8PKGM" failures="0" tests="5" name="sleniumframework.tests.EndToEndLoginSignup" time="10.204" errors="0" timestamp="2024-07-14T22:00:58 CEST" skipped="0">
  <testcase classname="sleniumframework.tests.EndToEndLoginSignup" name="validLogin" time="2.080"/>
  <testcase classname="sleniumframework.tests.EndToEndLoginSignup" name="deleteAccount" time="2.642"/>
  <testcase classname="sleniumframework.tests.EndToEndLoginSignup" name="registerWithExistingEmail" time="0.710"/>
  <testcase classname="sleniumframework.tests.EndToEndLoginSignup" name="signupFlow" time="4.046"/>
  <testcase classname="sleniumframework.tests.EndToEndLoginSignup" name="invalidLogin" time="0.726"/>
</testsuite> <!-- sleniumframework.tests.EndToEndLoginSignup -->
