<?xml version="1.0" encoding="UTF-8"?>
<!-- Generated by org.testng.reporters.JUnitReportReporter -->
<testsuite hostname="DESKTOP-OU8PKGM" failures="0" tests="3" name="sleniumframework.tests.PageTitleValidation" time="15.369" errors="0" timestamp="2024-07-20T12:51:51 CEST" skipped="0">
  <testcase classname="sleniumframework.tests.PageTitleValidation" name="headerMenuValidation" time="5.037"/>
  <testcase classname="sleniumframework.tests.PageTitleValidation" name="addBannerValidation" time="1.443"/>
  <testcase classname="sleniumframework.tests.PageTitleValidation" name="sideMenuValidation" time="8.889"/>
</testsuite> <!-- sleniumframework.tests.PageTitleValidation -->
