<?xml version="1.0" encoding="UTF-8"?>
<!-- Generated by org.testng.reporters.JUnitReportReporter -->
<testsuite hostname="DESKTOP-OU8PKGM" failures="0" tests="1" name="sleniumframework.tests.contactUsFormValidation" time="2.684" errors="0" timestamp="2024-07-20T12:51:51 CEST" skipped="0">
  <testcase classname="sleniumframework.tests.contactUsFormValidation" name="validateContactUsForm" time="2.684"/>
</testsuite> <!-- sleniumframework.tests.contactUsFormValidation -->
