<?xml version="1.0" encoding="UTF-8"?>
<!-- Generated by org.testng.reporters.JUnitReportReporter -->
<testsuite hostname="Sabir" failures="0" tests="1" name="seleniumFramework.tests.contactUsFormValidation" time="3.362" errors="0" timestamp="2025-08-09T22:25:49 CEST" skipped="0">
  <testcase classname="seleniumFramework.tests.contactUsFormValidation" name="validateContactUsForm" time="3.362"/>
</testsuite> <!-- seleniumFramework.tests.contactUsFormValidation -->
