<?xml version="1.0" encoding="UTF-8"?>
<!-- Generated by org.testng.reporters.JUnitReportReporter -->
<testsuite hostname="DESKTOP-OU8PKGM" failures="0" tests="6" name="sleniumframework.tests.EndToEndTest" time="10.649" errors="0" timestamp="2024-07-20T12:51:51 CEST" skipped="0">
  <testcase classname="sleniumframework.tests.EndToEndTest" name="registerPage" time="3.989"/>
  <testcase classname="sleniumframework.tests.EndToEndTest" name="validLogin" time="1.721"/>
  <testcase classname="sleniumframework.tests.EndToEndTest" name="invalidLogin" time="0.672"/>
  <testcase classname="sleniumframework.tests.EndToEndTest" name="logoutUser" time="1.699"/>
  <testcase classname="sleniumframework.tests.EndToEndTest" name="registerWithExistingEmail" time="0.696"/>
  <testcase classname="sleniumframework.tests.EndToEndTest" name="contactUsForm" time="1.872"/>
</testsuite> <!-- sleniumframework.tests.EndToEndTest -->
