<?xml version="1.0" encoding="UTF-8"?>
<!-- Generated by org.testng.reporters.JUnitReportReporter -->
<testsuite hostname="DESKTOP-OU8PKGM" failures="0" tests="1" name="sleniumframework.tests.contactUsFormValidation" time="4.281" errors="0" timestamp="2024-07-20T11:21:28 CEST" skipped="0">
  <testcase classname="sleniumframework.tests.contactUsFormValidation" name="validateContactUsForm" time="4.281"/>
</testsuite> <!-- sleniumframework.tests.contactUsFormValidation -->
