<?xml version="1.0" encoding="UTF-8"?>
<!-- Generated by org.testng.reporters.JUnitReportReporter -->
<testsuite hostname="DESKTOP-OU8PKGM" failures="0" tests="3" name="sleniumframework.tests.PageTitleValidation" time="16.675" errors="0" timestamp="2024-07-14T22:00:58 CEST" skipped="0">
  <testcase classname="sleniumframework.tests.PageTitleValidation" name="addBannerValidation" time="2.715"/>
  <testcase classname="sleniumframework.tests.PageTitleValidation" name="headerMenuValidation" time="4.381"/>
  <testcase classname="sleniumframework.tests.PageTitleValidation" name="sideMenuValidation" time="9.579"/>
</testsuite> <!-- sleniumframework.tests.PageTitleValidation -->
