<?xml version="1.0" encoding="UTF-8"?>
<!-- Generated by org.testng.reporters.JUnitReportReporter -->
<testsuite hostname="DESKTOP-OU8PKGM" failures="0" tests="5" name="sleniumframework.tests.EndToEndLoginSignup" time="8.148" errors="0" timestamp="2024-07-20T12:51:51 CEST" skipped="0">
  <testcase classname="sleniumframework.tests.EndToEndLoginSignup" name="signupFlow" time="3.271"/>
  <testcase classname="sleniumframework.tests.EndToEndLoginSignup" name="validLogin" time="1.718"/>
  <testcase classname="sleniumframework.tests.EndToEndLoginSignup" name="invalidLogin" time="0.700"/>
  <testcase classname="sleniumframework.tests.EndToEndLoginSignup" name="registerWithExistingEmail" time="0.700"/>
  <testcase classname="sleniumframework.tests.EndToEndLoginSignup" name="deleteAccount" time="1.759"/>
</testsuite> <!-- sleniumframework.tests.EndToEndLoginSignup -->
