<?xml version="1.0" encoding="UTF-8"?>
<!-- Generated by org.testng.reporters.JUnitReportReporter -->
<testsuite hostname="DESKTOP-OU8PKGM" failures="0" tests="3" name="sleniumframework.tests.PageTitleValidation" time="15.232" errors="0" timestamp="2024-07-20T11:21:28 CEST" skipped="0">
  <testcase classname="sleniumframework.tests.PageTitleValidation" name="headerMenuValidation" time="4.653"/>
  <testcase classname="sleniumframework.tests.PageTitleValidation" name="addBannerValidation" time="1.512"/>
  <testcase classname="sleniumframework.tests.PageTitleValidation" name="sideMenuValidation" time="9.067"/>
</testsuite> <!-- sleniumframework.tests.PageTitleValidation -->
